\BOOKMARK [1][-]{section.0.1}{\376\377\000I\000n\000t\000r\000o\000d\000u\000c\000t\000i\000o\000n}{}% 1
\BOOKMARK [2][-]{subsection.0.1.1}{\376\377\000P\000r\000o\000b\000l\000e\000m\000\040\000B\000a\000c\000k\000g\000r\000o\000u\000n\000d}{section.0.1}% 2
\BOOKMARK [2][-]{subsection.0.1.2}{\376\377\000R\000e\000s\000t\000a\000t\000e\000m\000e\000n\000t\000\040\000o\000f\000\040\000t\000h\000e\000\040\000P\000r\000o\000b\000l\000e\000m}{section.0.1}% 3
\BOOKMARK [2][-]{subsection.0.1.3}{\376\377\000O\000u\000r\000\040\000W\000o\000r\000k}{section.0.1}% 4
\BOOKMARK [1][-]{section.0.2}{\376\377\000I\000d\000e\000a\000l\000\040\000B\000a\000t\000t\000e\000r\000y}{}% 5
\BOOKMARK [2][-]{subsection.0.2.1}{\376\377\000A\000s\000s\000u\000m\000p\000t\000i\000o\000n\000s}{section.0.2}% 6
\BOOKMARK [2][-]{subsection.0.2.2}{\376\377\000T\000h\000e\000v\000e\000n\000i\000n\000\040\000M\000o\000d\000e\000l}{section.0.2}% 7
\BOOKMARK [2][-]{subsection.0.2.3}{\376\377\000P\000a\000r\000a\000m\000e\000t\000e\000r\000\040\000E\000s\000t\000i\000m\000a\000t\000i\000o\000n}{section.0.2}% 8
\BOOKMARK [2][-]{subsection.0.2.4}{\376\377\000S\000i\000m\000u\000l\000a\000t\000i\000o\000n\000s}{section.0.2}% 9
\BOOKMARK [3][-]{subsubsection.0.2.4.1}{\376\377\000C\000o\000n\000s\000t\000a\000n\000t\000\040\000c\000u\000r\000r\000e\000n\000t}{subsection.0.2.4}% 10
\BOOKMARK [3][-]{subsubsection.0.2.4.2}{\376\377\000C\000o\000n\000s\000t\000a\000n\000t\000\040\000p\000o\000w\000e\000r}{subsection.0.2.4}% 11
\BOOKMARK [1][-]{section.0.3}{\376\377\000A\000c\000t\000u\000a\000l\000\040\000B\000a\000t\000t\000e\000r\000y}{}% 12
\BOOKMARK [2][-]{subsection.0.3.1}{\376\377\000A\000s\000s\000u\000m\000p\000t\000i\000o\000n\000s}{section.0.3}% 13
\BOOKMARK [2][-]{subsection.0.3.2}{\376\377\000T\000e\000m\000p\000e\000r\000a\000t\000u\000r\000e\000\040\000B\000e\000h\000a\000v\000i\000o\000r\000\040\000o\000f\000\040\000B\000a\000t\000t\000e\000r\000y}{section.0.3}% 14
\BOOKMARK [2][-]{subsection.0.3.3}{\376\377\000B\000a\000t\000t\000e\000r\000y\000\040\000i\000n\000\040\000D\000i\000f\000f\000e\000r\000e\000n\000t\000\040\000W\000o\000r\000k\000\040\000L\000o\000a\000d\000s}{section.0.3}% 15
\BOOKMARK [3][-]{subsubsection.0.3.3.1}{\376\377\000S\000c\000r\000e\000e\000n\000\040\000P\000o\000w\000e\000r}{subsection.0.3.3}% 16
\BOOKMARK [3][-]{subsubsection.0.3.3.2}{\376\377\000C\000P\000U\000\040\000P\000o\000w\000e\000r}{subsection.0.3.3}% 17
\BOOKMARK [3][-]{subsubsection.0.3.3.3}{\376\377\000N\000e\000t\000w\000o\000r\000k\000\040\000P\000o\000w\000e\000r}{subsection.0.3.3}% 18
\BOOKMARK [3][-]{subsubsection.0.3.3.4}{\376\377\000G\000P\000S\000\040\000P\000o\000w\000e\000r}{subsection.0.3.3}% 19
\BOOKMARK [3][-]{subsubsection.0.3.3.5}{\376\377\000A\000u\000d\000i\000o\000\040\000P\000o\000w\000e\000r}{subsection.0.3.3}% 20
\BOOKMARK [3][-]{subsubsection.0.3.3.6}{\376\377\000S\000y\000s\000t\000e\000m\000\040\000M\000o\000d\000e\000\040\000P\000o\000w\000e\000r\000\040\000A\000d\000j\000u\000s\000t\000m\000e\000n\000t}{subsection.0.3.3}% 21
\BOOKMARK [3][-]{subsubsection.0.3.3.7}{\376\377\000P\000a\000r\000a\000m\000e\000t\000e\000r\000\040\000E\000s\000t\000i\000m\000a\000t\000i\000o\000n\000\040\000a\000n\000d\000\040\000V\000a\000l\000i\000d\000a\000t\000i\000o\000n}{subsection.0.3.3}% 22
\BOOKMARK [3][-]{subsubsection.0.3.3.8}{\376\377\000U\000s\000a\000g\000e\000\040\000S\000c\000e\000n\000a\000r\000i\000o\000\040\000S\000i\000m\000u\000l\000a\000t\000i\000o\000n}{subsection.0.3.3}% 23
\BOOKMARK [2][-]{subsection.0.3.4}{\376\377\000H\000e\000a\000t\000\040\000T\000r\000a\000n\000s\000f\000e\000r\000\040\000M\000o\000d\000e\000l\000\040\000i\000n\000\040\000H\000i\000g\000h\000-\000P\000e\000r\000f\000o\000r\000m\000a\000n\000c\000e\000\040\000S\000c\000e\000n\000a\000r\000i\000o\000s}{section.0.3}% 24
